<?xml version="1.0" encoding="UTF-8"?>
<testsuite xmlns:xsi="http://www.w3.org/2001/XMLSchema-instance" xsi:noNamespaceSchemaLocation="https://maven.apache.org/surefire/maven-surefire-plugin/xsd/surefire-test-report.xsd" name="testrunners.MenuManagementTest" time="1.214" tests="2" errors="2" skipped="0" failures="0">
  <properties>
    <property name="java.specification.version" value="15"/>
    <property name="sun.jnu.encoding" value="UTF-8"/>
    <property name="java.class.path" value="/Users/magnusjohansson/eclipse-workspace/cucumber/target/test-classes:/Users/magnusjohansson/eclipse-workspace/cucumber/target/classes:/Users/magnusjohansson/.m2/repository/io/cucumber/cucumber-java/6.8.1/cucumber-java-6.8.1.jar:/Users/magnusjohansson/.m2/repository/io/cucumber/cucumber-core/6.8.1/cucumber-core-6.8.1.jar:/Users/magnusjohansson/.m2/repository/io/cucumber/cucumber-gherkin/6.8.1/cucumber-gherkin-6.8.1.jar:/Users/magnusjohansson/.m2/repository/io/cucumber/cucumber-gherkin-messages/6.8.1/cucumber-gherkin-messages-6.8.1.jar:/Users/magnusjohansson/.m2/repository/io/cucumber/messages/13.1.0/messages-13.1.0.jar:/Users/magnusjohansson/.m2/repository/io/cucumber/tag-expressions/3.0.0/tag-expressions-3.0.0.jar:/Users/magnusjohansson/.m2/repository/io/cucumber/cucumber-expressions/10.3.0/cucumber-expressions-10.3.0.jar:/Users/magnusjohansson/.m2/repository/io/cucumber/datatable/3.5.0/datatable-3.5.0.jar:/Users/magnusjohansson/.m2/repository/io/cucumber/cucumber-plugin/6.8.1/cucumber-plugin-6.8.1.jar:/Users/magnusjohansson/.m2/repository/io/cucumber/docstring/6.8.1/docstring-6.8.1.jar:/Users/magnusjohansson/.m2/repository/io/cucumber/html-formatter/9.0.0/html-formatter-9.0.0.jar:/Users/magnusjohansson/.m2/repository/io/cucumber/create-meta/2.0.2/create-meta-2.0.2.jar:/Users/magnusjohansson/.m2/repository/org/apiguardian/apiguardian-api/1.1.0/apiguardian-api-1.1.0.jar:/Users/magnusjohansson/.m2/repository/io/cucumber/cucumber-junit/6.8.1/cucumber-junit-6.8.1.jar:/Users/magnusjohansson/.m2/repository/junit/junit/4.13/junit-4.13.jar:/Users/magnusjohansson/.m2/repository/org/hamcrest/hamcrest-core/1.3/hamcrest-core-1.3.jar:"/>
    <property name="java.vm.vendor" value="Oracle Corporation"/>
    <property name="sun.arch.data.model" value="64"/>
    <property name="java.vendor.url" value="https://openjdk.java.net/"/>
    <property name="os.name" value="Mac OS X"/>
    <property name="java.vm.specification.version" value="15"/>
    <property name="sun.java.launcher" value="SUN_STANDARD"/>
    <property name="user.country" value="SE"/>
    <property name="sun.boot.library.path" value="/usr/local/Cellar/openjdk/15.0.1/libexec/openjdk.jdk/Contents/Home/lib"/>
    <property name="sun.java.command" value="/Users/magnusjohansson/eclipse-workspace/cucumber/target/surefire/surefirebooter4082487376903743755.jar /Users/magnusjohansson/eclipse-workspace/cucumber/target/surefire 2020-11-02T14-47-34_442-jvmRun1 surefire16438471615206776246tmp surefire_07630000359132737971tmp"/>
    <property name="http.nonProxyHosts" value="local|*.local|169.254/16|*.169.254/16"/>
    <property name="jdk.debug" value="release"/>
    <property name="surefire.test.class.path" value="/Users/magnusjohansson/eclipse-workspace/cucumber/target/test-classes:/Users/magnusjohansson/eclipse-workspace/cucumber/target/classes:/Users/magnusjohansson/.m2/repository/io/cucumber/cucumber-java/6.8.1/cucumber-java-6.8.1.jar:/Users/magnusjohansson/.m2/repository/io/cucumber/cucumber-core/6.8.1/cucumber-core-6.8.1.jar:/Users/magnusjohansson/.m2/repository/io/cucumber/cucumber-gherkin/6.8.1/cucumber-gherkin-6.8.1.jar:/Users/magnusjohansson/.m2/repository/io/cucumber/cucumber-gherkin-messages/6.8.1/cucumber-gherkin-messages-6.8.1.jar:/Users/magnusjohansson/.m2/repository/io/cucumber/messages/13.1.0/messages-13.1.0.jar:/Users/magnusjohansson/.m2/repository/io/cucumber/tag-expressions/3.0.0/tag-expressions-3.0.0.jar:/Users/magnusjohansson/.m2/repository/io/cucumber/cucumber-expressions/10.3.0/cucumber-expressions-10.3.0.jar:/Users/magnusjohansson/.m2/repository/io/cucumber/datatable/3.5.0/datatable-3.5.0.jar:/Users/magnusjohansson/.m2/repository/io/cucumber/cucumber-plugin/6.8.1/cucumber-plugin-6.8.1.jar:/Users/magnusjohansson/.m2/repository/io/cucumber/docstring/6.8.1/docstring-6.8.1.jar:/Users/magnusjohansson/.m2/repository/io/cucumber/html-formatter/9.0.0/html-formatter-9.0.0.jar:/Users/magnusjohansson/.m2/repository/io/cucumber/create-meta/2.0.2/create-meta-2.0.2.jar:/Users/magnusjohansson/.m2/repository/org/apiguardian/apiguardian-api/1.1.0/apiguardian-api-1.1.0.jar:/Users/magnusjohansson/.m2/repository/io/cucumber/cucumber-junit/6.8.1/cucumber-junit-6.8.1.jar:/Users/magnusjohansson/.m2/repository/junit/junit/4.13/junit-4.13.jar:/Users/magnusjohansson/.m2/repository/org/hamcrest/hamcrest-core/1.3/hamcrest-core-1.3.jar:"/>
    <property name="sun.cpu.endian" value="little"/>
    <property name="user.home" value="/Users/magnusjohansson"/>
    <property name="user.language" value="sv"/>
    <property name="java.specification.vendor" value="Oracle Corporation"/>
    <property name="java.version.date" value="2020-10-20"/>
    <property name="java.home" value="/usr/local/Cellar/openjdk/15.0.1/libexec/openjdk.jdk/Contents/Home"/>
    <property name="file.separator" value="/"/>
    <property name="basedir" value="/Users/magnusjohansson/eclipse-workspace/cucumber"/>
    <property name="java.vm.compressedOopsMode" value="Zero based"/>
    <property name="line.separator" value="&#10;"/>
    <property name="java.specification.name" value="Java Platform API Specification"/>
    <property name="java.vm.specification.vendor" value="Oracle Corporation"/>
    <property name="surefire.real.class.path" value="/Users/magnusjohansson/eclipse-workspace/cucumber/target/surefire/surefirebooter4082487376903743755.jar"/>
    <property name="sun.management.compiler" value="HotSpot 64-Bit Tiered Compilers"/>
    <property name="ftp.nonProxyHosts" value="local|*.local|169.254/16|*.169.254/16"/>
    <property name="java.runtime.version" value="15.0.1+9"/>
    <property name="user.name" value="magnusjohansson"/>
    <property name="path.separator" value=":"/>
    <property name="os.version" value="10.14.6"/>
    <property name="java.runtime.name" value="OpenJDK Runtime Environment"/>
    <property name="file.encoding" value="UTF-8"/>
    <property name="java.vm.name" value="OpenJDK 64-Bit Server VM"/>
    <property name="localRepository" value="/Users/magnusjohansson/.m2/repository"/>
    <property name="java.vendor.url.bug" value="https://bugreport.java.com/bugreport/"/>
    <property name="java.io.tmpdir" value="/var/folders/v5/_wkxvsfs5q3_jpn5k63hr6vm0000gn/T/"/>
    <property name="java.version" value="15.0.1"/>
    <property name="user.dir" value="/Users/magnusjohansson/eclipse-workspace/cucumber"/>
    <property name="os.arch" value="x86_64"/>
    <property name="java.vm.specification.name" value="Java Virtual Machine Specification"/>
    <property name="java.library.path" value="/Users/magnusjohansson/Library/Java/Extensions:/Library/Java/Extensions:/Network/Library/Java/Extensions:/System/Library/Java/Extensions:/usr/lib/java:."/>
    <property name="java.vm.info" value="mixed mode, sharing"/>
    <property name="java.vendor" value="N/A"/>
    <property name="java.vm.version" value="15.0.1+9"/>
    <property name="sun.io.unicode.encoding" value="UnicodeBig"/>
    <property name="socksNonProxyHosts" value="local|*.local|169.254/16|*.169.254/16"/>
    <property name="java.class.version" value="59.0"/>
  </properties>
  <testcase name="Add a menu item #1" classname="Menu management" time="0.222">
    <error message="The step &quot;I have a menu item with name &quot;N&quot; and price 10&quot; is undefined. You can implement it using the snippet(s) below:&#10;&#10;@Given(&quot;I have a menu item with name {string} and price {int}&quot;)&#10;public void i_have_a_menu_item_with_name_and_price(String string, Integer int1) {&#10;    // Write code here that turns the phrase above into concrete actions&#10;    throw new io.cucumber.java.PendingException();&#10;}&#10;&#10;&#10;Some other steps were also undefined:&#10;&#10;@When(&quot;I add that menu item&quot;)&#10;public void i_add_that_menu_item() {&#10;    // Write code here that turns the phrase above into concrete actions&#10;    throw new io.cucumber.java.PendingException();&#10;}&#10;@Then(&quot;Menu item with name {string} should be added&quot;)&#10;public void menu_item_with_name_should_be_added(String string) {&#10;    // Write code here that turns the phrase above into concrete actions&#10;    throw new io.cucumber.java.PendingException();&#10;}&#10;" type="io.cucumber.junit.UndefinedStepException">io.cucumber.junit.UndefinedStepException: 
The step "I have a menu item with name "N" and price 10" is undefined. You can implement it using the snippet(s) below:

@Given("I have a menu item with name {string} and price {int}")
public void i_have_a_menu_item_with_name_and_price(String string, Integer int1) {
    // Write code here that turns the phrase above into concrete actions
    throw new io.cucumber.java.PendingException();
}


Some other steps were also undefined:

@When("I add that menu item")
public void i_add_that_menu_item() {
    // Write code here that turns the phrase above into concrete actions
    throw new io.cucumber.java.PendingException();
}
@Then("Menu item with name {string} should be added")
public void menu_item_with_name_should_be_added(String string) {
    // Write code here that turns the phrase above into concrete actions
    throw new io.cucumber.java.PendingException();
}

</error>
    <system-out><![CDATA[
@RegularTest
Scenario: Add a menu item                             &amp#27;[90m# src/test/java/featurefiles/management.feature:35&amp#27;[0m
  &amp#27;[33mGiven &amp#27;[0m&amp#27;[33mI have a menu item with name "N" and price 10&amp#27;[0m &amp#27;[90m# null&amp#27;[0m
  &amp#27;[36mWhen &amp#27;[0m&amp#27;[36mI add that menu item&amp#27;[0m                           &amp#27;[90m# null&amp#27;[0m
  &amp#27;[36mThen &amp#27;[0m&amp#27;[36mMenu item with name "N" should be added&amp#27;[0m        &amp#27;[90m# null&amp#27;[0m
]]></system-out>
  </testcase>
  <testcase name="Add a menu item #2" classname="Menu management" time="0.016">
    <error message="The step &quot;I have a menu item with name &quot;N&quot; and price 10&quot; is undefined. You can implement it using the snippet(s) below:&#10;&#10;@Given(&quot;I have a menu item with name {string} and price {int}&quot;)&#10;public void i_have_a_menu_item_with_name_and_price(String string, Integer int1) {&#10;    // Write code here that turns the phrase above into concrete actions&#10;    throw new io.cucumber.java.PendingException();&#10;}&#10;&#10;&#10;Some other steps were also undefined:&#10;&#10;@When(&quot;I add that menu item&quot;)&#10;public void i_add_that_menu_item() {&#10;    // Write code here that turns the phrase above into concrete actions&#10;    throw new io.cucumber.java.PendingException();&#10;}&#10;@Then(&quot;Something happens&quot;)&#10;public void something_happens() {&#10;    // Write code here that turns the phrase above into concrete actions&#10;    throw new io.cucumber.java.PendingException();&#10;}&#10;" type="io.cucumber.junit.UndefinedStepException">io.cucumber.junit.UndefinedStepException: 
The step "I have a menu item with name "N" and price 10" is undefined. You can implement it using the snippet(s) below:

@Given("I have a menu item with name {string} and price {int}")
public void i_have_a_menu_item_with_name_and_price(String string, Integer int1) {
    // Write code here that turns the phrase above into concrete actions
    throw new io.cucumber.java.PendingException();
}


Some other steps were also undefined:

@When("I add that menu item")
public void i_add_that_menu_item() {
    // Write code here that turns the phrase above into concrete actions
    throw new io.cucumber.java.PendingException();
}
@Then("Something happens")
public void something_happens() {
    // Write code here that turns the phrase above into concrete actions
    throw new io.cucumber.java.PendingException();
}

</error>
    <system-out><![CDATA[
@RegularTest
Scenario: Add a menu item                             &amp#27;[90m# src/test/java/featurefiles/management.feature:41&amp#27;[0m
  &amp#27;[33mGiven &amp#27;[0m&amp#27;[33mI have a menu item with name "N" and price 10&amp#27;[0m &amp#27;[90m# null&amp#27;[0m
  &amp#27;[36mWhen &amp#27;[0m&amp#27;[36mI add that menu item&amp#27;[0m                           &amp#27;[90m# null&amp#27;[0m
  &amp#27;[36mThen &amp#27;[0m&amp#27;[36mSomething happens&amp#27;[0m                              &amp#27;[90m# null&amp#27;[0m
]]></system-out>
  </testcase>
</testsuite>